<?xml version="1.0" encoding="UTF-8"?>
<!-- Generated by org.testng.reporters.JUnitReportReporter -->
<testsuite hostname="DESKTOP-7JHN3AF" failures="0" tests="1" name="aaaa123.Assert" time="19.307" errors="0" timestamp="2022-11-24T11:05:34 IST" skipped="0">
  <testcase classname="aaaa123.Assert" name="login" time="19.307"/>
  <system-out>
    <![CDATA[Facebook â€“ log in or sign up]]>
  </system-out>
</testsuite> <!-- aaaa123.Assert -->
